<?xml version="1.0" encoding="UTF-8"?>
<testng-results skipped="0" failed="0" total="1" passed="1">
  <reporter-output>
  </reporter-output>
  <suite name="Suite" duration-ms="13708" started-at="2017-12-03T04:22:51Z" finished-at="2017-12-03T04:23:04Z">
    <groups>
    </groups>
    <test name="Test" duration-ms="13708" started-at="2017-12-03T04:22:51Z" finished-at="2017-12-03T04:23:04Z">
      <class name="Samples.MavenSam.JenkinTest">
        <test-method status="PASS" signature="test1()[pri:0, instance:Samples.MavenSam.JenkinTest@215be6bb]" name="test1" duration-ms="13696" started-at="2017-12-02T23:22:51Z" finished-at="2017-12-02T23:23:04Z">
          <reporter-output>
          </reporter-output>
        </test-method> <!-- test1 -->
      </class> <!-- Samples.MavenSam.JenkinTest -->
    </test> <!-- Test -->
  </suite> <!-- Suite -->
</testng-results>
