<?xml version="1.0" encoding="UTF-8"?>
<testng-results skipped="0" failed="0" total="2" passed="2">
  <reporter-output>
  </reporter-output>
  <suite name="Suite" duration-ms="13587" started-at="2017-12-03T05:36:47Z" finished-at="2017-12-03T05:37:00Z">
    <groups>
    </groups>
    <test name="Test" duration-ms="13587" started-at="2017-12-03T05:36:47Z" finished-at="2017-12-03T05:37:00Z">
      <class name="Samples.MavenSam.JenkinTest">
        <test-method status="PASS" signature="test1()[pri:0, instance:Samples.MavenSam.JenkinTest@77b52d12]" name="test1" duration-ms="13191" started-at="2017-12-03T00:36:33Z" finished-at="2017-12-03T00:36:47Z">
          <reporter-output>
          </reporter-output>
        </test-method> <!-- test1 -->
        <test-method status="PASS" signature="test1()[pri:0, instance:Samples.MavenSam.JenkinTest@77b52d12]" name="test1" duration-ms="13586" started-at="2017-12-03T00:36:47Z" finished-at="2017-12-03T00:37:00Z">
          <reporter-output>
          </reporter-output>
        </test-method> <!-- test1 -->
      </class> <!-- Samples.MavenSam.JenkinTest -->
    </test> <!-- Test -->
  </suite> <!-- Suite -->
</testng-results>
